<?xml version="1.0" encoding="UTF-8"?>
<Site BuildName="(empty)"
	BuildStamp="20230829-0859-Experimental"
	Name="LAPTOP-5322GTE0"
	Generator="ctest-3.16.3"
	CompilerName="/usr/bin/g++"
	CompilerVersion="9.4.0"
	OSName="Linux"
	Hostname="LAPTOP-5322GTE0"
	OSRelease="5.15.90.1-microsoft-standard-WSL2"
	OSVersion="#1 SMP Fri Jan 27 02:56:13 UTC 2023"
	OSPlatform="x86_64"
	Is64Bits="1"
	VendorString="AuthenticAMD"
	VendorID="Advanced Micro Devices"
	FamilyID="23"
	ModelID="96"
	ProcessorCacheSize="512"
	NumberOfLogicalCPU="12"
	NumberOfPhysicalCPU="6"
	TotalVirtualMemory="1024"
	TotalPhysicalMemory="3601"
	LogicalProcessorsPerPhysical="2"
	ProcessorClockFrequency="2994.28"
	>
	<Testing>
		<StartDateTime>Aug 29 16:29 +03</StartDateTime>
		<StartTestTime>1693315769</StartTestTime>
		<TestList/>
		<EndDateTime>Aug 29 16:29 +03</EndDateTime>
		<EndTestTime>1693315769</EndTestTime>
		<ElapsedMinutes>0</ElapsedMinutes>
	</Testing>
</Site>
